INFO:__main__:Started processing data for RQ 3
DEBUG:__main__:Reading first preprocessed csv
DEBUG:__main__:Filtered dataset:      continent location        date  new_cases  new_deaths  new_vaccinations  year    month  semester
3568    Europe  Albania  2021-01-13        0.0         0.0              60.0  2021  2021-01         3
3569    Europe  Albania  2021-01-14        0.0         0.0              78.0  2021  2021-01         3
3570    Europe  Albania  2021-01-15        0.0         0.0              42.0  2021  2021-01         3
3571    Europe  Albania  2021-01-16        0.0         0.0              61.0  2021  2021-01         3
3572    Europe  Albania  2021-01-17     4257.0        35.0              36.0  2021  2021-01         3
DEBUG:__main__:Collapsed by month dataset:                             new_cases  new_deaths  new_vaccinations
continent location month                                           
Europe    Albania  2021-01     4257.0        35.0             421.0
                   2021-02        0.0         0.0            2476.0
                   2021-03     3194.0        70.0           49296.0
                   2021-04     4138.0        88.0          295509.0
                   2021-05      492.0        14.0          204550.0
DEBUG:__main__:Adding column for ratio between deaths and cases
INFO:__main__:Saving processed csv
INFO:__main__:Ended processing for RQ 3
INFO:__main__:Started processing data for RQ 3
DEBUG:__main__:Reading first preprocessed csv
DEBUG:__main__:Filtered dataset:      continent location        date  new_cases  new_deaths  new_vaccinations  year    month  semester
3568    Europe  Albania  2021-01-13        0.0         0.0              60.0  2021  2021-01         3
3569    Europe  Albania  2021-01-14        0.0         0.0              78.0  2021  2021-01         3
3570    Europe  Albania  2021-01-15        0.0         0.0              42.0  2021  2021-01         3
3571    Europe  Albania  2021-01-16        0.0         0.0              61.0  2021  2021-01         3
3572    Europe  Albania  2021-01-17     4257.0        35.0              36.0  2021  2021-01         3
DEBUG:__main__:Collapsed by month dataset:                             new_cases  new_deaths  new_vaccinations
continent location month                                           
Europe    Albania  2021-01     4257.0        35.0             421.0
                   2021-02        0.0         0.0            2476.0
                   2021-03     3194.0        70.0           49296.0
                   2021-04     4138.0        88.0          295509.0
                   2021-05      492.0        14.0          204550.0
DEBUG:__main__:Adding column for ratio between deaths and cases
INFO:__main__:Saving processed csv
INFO:__main__:Ended processing for RQ 3
INFO:__main__:Started processing data for RQ 3
DEBUG:__main__:Reading first preprocessed csv
DEBUG:__main__:Filtered dataset:      continent location        date  new_cases  new_deaths  new_vaccinations  year    month  semester
3568    Europe  Albania  2021-01-13        0.0         0.0              60.0  2021  2021-01         3
3569    Europe  Albania  2021-01-14        0.0         0.0              78.0  2021  2021-01         3
3570    Europe  Albania  2021-01-15        0.0         0.0              42.0  2021  2021-01         3
3571    Europe  Albania  2021-01-16        0.0         0.0              61.0  2021  2021-01         3
3572    Europe  Albania  2021-01-17     4257.0        35.0              36.0  2021  2021-01         3
DEBUG:__main__:Collapsed by month dataset:                             new_cases  new_deaths  new_vaccinations
continent location month                                           
Europe    Albania  2021-01     4257.0        35.0             421.0
                   2021-02        0.0         0.0            2476.0
                   2021-03     3194.0        70.0           49296.0
                   2021-04     4138.0        88.0          295509.0
                   2021-05      492.0        14.0          204550.0
DEBUG:__main__:Adding column for ratio between deaths and cases
INFO:__main__:Saving processed csv
INFO:__main__:Ended processing for RQ 3
INFO:__main__:Started processing data for RQ 3
DEBUG:__main__:Reading first preprocessed csv
DEBUG:__main__:Filtered dataset:      continent location        date  new_cases  new_deaths  new_vaccinations  year    month  semester
3568    Europe  Albania  2021-01-13        0.0         0.0              60.0  2021  2021-01         3
3569    Europe  Albania  2021-01-14        0.0         0.0              78.0  2021  2021-01         3
3570    Europe  Albania  2021-01-15        0.0         0.0              42.0  2021  2021-01         3
3571    Europe  Albania  2021-01-16        0.0         0.0              61.0  2021  2021-01         3
3572    Europe  Albania  2021-01-17     4257.0        35.0              36.0  2021  2021-01         3
DEBUG:__main__:Collapsed by month dataset:                             new_cases  new_deaths  new_vaccinations
continent location month                                           
Europe    Albania  2021-01     4257.0        35.0             421.0
                   2021-02        0.0         0.0            2476.0
                   2021-03     3194.0        70.0           49296.0
                   2021-04     4138.0        88.0          295509.0
                   2021-05      492.0        14.0          204550.0
DEBUG:__main__:Adding column for ratio between deaths and cases
INFO:__main__:Saving processed csv
INFO:__main__:Ended processing for RQ 3
INFO:__main__:Started processing data for RQ 3
DEBUG:__main__:Reading first preprocessed csv
DEBUG:__main__:Filtered dataset:      continent location        date  new_cases  new_deaths  new_vaccinations  year    month  semester
3568    Europe  Albania  2021-01-13        0.0         0.0              60.0  2021  2021-01         3
3569    Europe  Albania  2021-01-14        0.0         0.0              78.0  2021  2021-01         3
3570    Europe  Albania  2021-01-15        0.0         0.0              42.0  2021  2021-01         3
3571    Europe  Albania  2021-01-16        0.0         0.0              61.0  2021  2021-01         3
3572    Europe  Albania  2021-01-17     4257.0        35.0              36.0  2021  2021-01         3
DEBUG:__main__:Collapsed by month dataset:                             new_cases  new_deaths  new_vaccinations
continent location month                                           
Europe    Albania  2021-01     4257.0        35.0             421.0
                   2021-02        0.0         0.0            2476.0
                   2021-03     3194.0        70.0           49296.0
                   2021-04     4138.0        88.0          295509.0
                   2021-05      492.0        14.0          204550.0
DEBUG:__main__:Adding column for ratio between deaths and cases
INFO:__main__:Saving processed csv
INFO:__main__:Ended processing for RQ 3
INFO:__main__:Started processing data for RQ 3
DEBUG:__main__:Reading first preprocessed csv
DEBUG:__main__:Filtered dataset:      continent location        date  new_cases  new_deaths  new_vaccinations  year    month  semester
3568    Europe  Albania  2021-01-13        0.0         0.0              60.0  2021  2021-01         3
3569    Europe  Albania  2021-01-14        0.0         0.0              78.0  2021  2021-01         3
3570    Europe  Albania  2021-01-15        0.0         0.0              42.0  2021  2021-01         3
3571    Europe  Albania  2021-01-16        0.0         0.0              61.0  2021  2021-01         3
3572    Europe  Albania  2021-01-17     4257.0        35.0              36.0  2021  2021-01         3
DEBUG:__main__:Collapsed by month dataset:                             new_cases  new_deaths  new_vaccinations
continent location month                                           
Europe    Albania  2021-01     4257.0        35.0             421.0
                   2021-02        0.0         0.0            2476.0
                   2021-03     3194.0        70.0           49296.0
                   2021-04     4138.0        88.0          295509.0
                   2021-05      492.0        14.0          204550.0
DEBUG:__main__:Adding column for ratio between deaths and cases
INFO:__main__:Saving processed csv
INFO:__main__:Ended processing for RQ 3
INFO:__main__:Started processing data for RQ 3
DEBUG:__main__:Reading first preprocessed csv
DEBUG:__main__:Filtered dataset:      continent location        date  new_cases  new_deaths  new_vaccinations  year    month  semester
3568    Europe  Albania  2021-01-13        0.0         0.0              60.0  2021  2021-01         3
3569    Europe  Albania  2021-01-14        0.0         0.0              78.0  2021  2021-01         3
3570    Europe  Albania  2021-01-15        0.0         0.0              42.0  2021  2021-01         3
3571    Europe  Albania  2021-01-16        0.0         0.0              61.0  2021  2021-01         3
3572    Europe  Albania  2021-01-17     4257.0        35.0              36.0  2021  2021-01         3
DEBUG:__main__:Collapsed by month dataset:                             new_cases  new_deaths  new_vaccinations
continent location month                                           
Europe    Albania  2021-01     4257.0        35.0             421.0
                   2021-02        0.0         0.0            2476.0
                   2021-03     3194.0        70.0           49296.0
                   2021-04     4138.0        88.0          295509.0
                   2021-05      492.0        14.0          204550.0
DEBUG:__main__:Adding column for ratio between deaths and cases
INFO:__main__:Saving processed csv
INFO:__main__:Ended processing for RQ 3
INFO:__main__:Started processing data for RQ 3
DEBUG:__main__:Reading first preprocessed csv
DEBUG:__main__:Filtered dataset:      continent location        date  new_cases  new_deaths  new_vaccinations  year    month  semester
3568    Europe  Albania  2021-01-13        0.0         0.0              60.0  2021  2021-01         3
3569    Europe  Albania  2021-01-14        0.0         0.0              78.0  2021  2021-01         3
3570    Europe  Albania  2021-01-15        0.0         0.0              42.0  2021  2021-01         3
3571    Europe  Albania  2021-01-16        0.0         0.0              61.0  2021  2021-01         3
3572    Europe  Albania  2021-01-17     4257.0        35.0              36.0  2021  2021-01         3
DEBUG:__main__:Collapsed by month dataset:                             new_cases  new_deaths  new_vaccinations
continent location month                                           
Europe    Albania  2021-01     4257.0        35.0             421.0
                   2021-02        0.0         0.0            2476.0
                   2021-03     3194.0        70.0           49296.0
                   2021-04     4138.0        88.0          295509.0
                   2021-05      492.0        14.0          204550.0
DEBUG:__main__:Adding column for ratio between deaths and cases
INFO:__main__:Saving processed csv
INFO:__main__:Ended processing for RQ 3
