INFO:__main__:Started processing
DEBUG:__main__:df filtered by continent and year:      location  total_cases  total_deaths  population_density  median_age  gdp_per_capita  life_expectancy    month
3556  Albania      55380.0        1134.0             104.871        38.0       11803.431            78.57  2021-01
3557  Albania      55380.0        1134.0             104.871        38.0       11803.431            78.57  2021-01
3558  Albania      58723.0        1186.0             104.871        38.0       11803.431            78.57  2021-01
3559  Albania      58723.0        1186.0             104.871        38.0       11803.431            78.57  2021-01
3560  Albania      58723.0        1186.0             104.871        38.0       11803.431            78.57  2021-01
DEBUG:__main__:df collapsed by month:      location  total_cases  total_deaths  population_density  median_age  gdp_per_capita  life_expectancy    month
3556  Albania      55380.0        1134.0             104.871        38.0       11803.431            78.57  2021-01
3557  Albania      55380.0        1134.0             104.871        38.0       11803.431            78.57  2021-01
3558  Albania      58723.0        1186.0             104.871        38.0       11803.431            78.57  2021-01
3559  Albania      58723.0        1186.0             104.871        38.0       11803.431            78.57  2021-01
3560  Albania      58723.0        1186.0             104.871        38.0       11803.431            78.57  2021-01
DEBUG:__main__:final df:      location  total_cases  total_deaths  population_density  median_age  gdp_per_capita  life_expectancy    month
3556  Albania      55380.0        1134.0             104.871        38.0       11803.431            78.57  2021-01
3557  Albania      55380.0        1134.0             104.871        38.0       11803.431            78.57  2021-01
3558  Albania      58723.0        1186.0             104.871        38.0       11803.431            78.57  2021-01
3559  Albania      58723.0        1186.0             104.871        38.0       11803.431            78.57  2021-01
3560  Albania      58723.0        1186.0             104.871        38.0       11803.431            78.57  2021-01
INFO:__main__:Saving processed CSV
INFO:__main__:End
